  Compiling CUDA source file lbm.cu...
  Skipping CUDA source file temps.cu (excluded from build).
  
  D:\0\Projects\lattice boltzmann\lbm>"C:\Program Files\NVIDIA GPU Computing Toolkit\CUDA\v8.0\bin\nvcc.exe" -gencode=arch=compute_20,code=\"sm_20,compute_20\" -gencode=arch=compute_30,code=\"sm_30,compute_30\" -gencode=arch=compute_35,code=\"sm_35,compute_35\" -gencode=arch=compute_37,code=\"sm_37,compute_37\" -gencode=arch=compute_50,code=\"sm_50,compute_50\" -gencode=arch=compute_52,code=\"sm_52,compute_52\" -gencode=arch=compute_60,code=\"sm_60,compute_60\" --use-local-env --cl-version 2015 -ccbin "C:\Program Files (x86)\Microsoft Visual Studio 14.0\VC\bin\x86_amd64"  -I./ -Idependencies/common/inc -I./ -I"C:\Program Files\NVIDIA GPU Computing Toolkit\CUDA\v8.0\/include" -I../../common/inc -I"C:\Program Files\NVIDIA GPU Computing Toolkit\CUDA\v8.0\include"  -G   --keep-dir x64\Debug -maxrregcount=0  --machine 64 --compile -cudart static -Xcompiler "/wd 4819" -g   -DWIN32 -DWIN32 -D_MBCS -D_MBCS -Xcompiler "/EHsc /W3 /nologo /Od /FS /Zi /RTC1 /MTd " -o x64/Debug/lbm.cu.obj "D:\0\Projects\lattice boltzmann\lbm\lbm.cu" 
CUDACOMPILE : nvcc warning : The 'compute_20', 'sm_20', and 'sm_21' architectures are deprecated, and may be removed in a future release (Use -Wno-deprecated-gpu-targets to suppress warning).
  lbm.cu
D:/0/Projects/lattice boltzmann/lbm/lbm.cu(136): warning C4305: '=': truncation from 'double' to 'float'
D:/0/Projects/lattice boltzmann/lbm/lbm.cu(138): warning C4305: '=': truncation from 'double' to 'float'
D:/0/Projects/lattice boltzmann/lbm/lbm.cu(586): warning C4305: '=': truncation from 'double' to 'float'
D:/0/Projects/lattice boltzmann/lbm/lbm.cu(587): warning C4305: '=': truncation from 'double' to 'float'
D:/0/Projects/lattice boltzmann/lbm/lbm.cu(588): warning C4305: '=': truncation from 'double' to 'float'
D:/0/Projects/lattice boltzmann/lbm/lbm.cu(589): warning C4305: '=': truncation from 'double' to 'float'
D:/0/Projects/lattice boltzmann/lbm/lbm.cu(590): warning C4305: '=': truncation from 'double' to 'float'
D:/0/Projects/lattice boltzmann/lbm/lbm.cu(591): warning C4305: '=': truncation from 'double' to 'float'
D:/0/Projects/lattice boltzmann/lbm/lbm.cu(592): warning C4305: '=': truncation from 'double' to 'float'
D:/0/Projects/lattice boltzmann/lbm/lbm.cu(593): warning C4305: '=': truncation from 'double' to 'float'
D:/0/Projects/lattice boltzmann/lbm/lbm.cu(594): warning C4305: '=': truncation from 'double' to 'float'
D:/0/Projects/lattice boltzmann/lbm/lbm.cu(628): warning C4018: '<': signed/unsigned mismatch
D:/0/Projects/lattice boltzmann/lbm/lbm.cu(630): warning C4018: '<': signed/unsigned mismatch
D:/0/Projects/lattice boltzmann/lbm/lbm.cu(633): warning C4244: '=': conversion from 'double' to 'float', possible loss of data
D:/0/Projects/lattice boltzmann/lbm/lbm.cu(636): warning C4244: '=': conversion from 'double' to 'float', possible loss of data
D:/0/Projects/lattice boltzmann/lbm/lbm.cu(637): warning C4244: '=': conversion from 'double' to 'float', possible loss of data
D:/0/Projects/lattice boltzmann/lbm/lbm.cu(730): warning C4018: '<': signed/unsigned mismatch
D:/0/Projects/lattice boltzmann/lbm/lbm.cu(732): warning C4018: '<': signed/unsigned mismatch
D:/0/Projects/lattice boltzmann/lbm/lbm.cu(741): warning C4018: '<': signed/unsigned mismatch
D:/0/Projects/lattice boltzmann/lbm/lbm.cu(750): warning C4018: '<': signed/unsigned mismatch
D:/0/Projects/lattice boltzmann/lbm/lbm.cu(753): warning C4018: '<': signed/unsigned mismatch
D:/0/Projects/lattice boltzmann/lbm/lbm.cu(843): warning C4305: '=': truncation from 'double' to 'float'
D:/0/Projects/lattice boltzmann/lbm/lbm.cu(844): warning C4305: '=': truncation from 'double' to 'float'
D:/0/Projects/lattice boltzmann/lbm/lbm.cu(845): warning C4305: '=': truncation from 'double' to 'float'
D:/0/Projects/lattice boltzmann/lbm/lbm.cu(846): warning C4305: '=': truncation from 'double' to 'float'
D:/0/Projects/lattice boltzmann/lbm/lbm.cu(847): warning C4305: '=': truncation from 'double' to 'float'
D:/0/Projects/lattice boltzmann/lbm/lbm.cu(848): warning C4305: '=': truncation from 'double' to 'float'
D:/0/Projects/lattice boltzmann/lbm/lbm.cu(849): warning C4305: '=': truncation from 'double' to 'float'
D:/0/Projects/lattice boltzmann/lbm/lbm.cu(850): warning C4305: '=': truncation from 'double' to 'float'
D:/0/Projects/lattice boltzmann/lbm/lbm.cu(851): warning C4305: '=': truncation from 'double' to 'float'
D:/0/Projects/lattice boltzmann/lbm/lbm.cu(852): warning C4305: '=': truncation from 'double' to 'float'
D:/0/Projects/lattice boltzmann/lbm/lbm.cu(862): warning C4305: '=': truncation from 'double' to 'float'
D:/0/Projects/lattice boltzmann/lbm/lbm.cu(863): warning C4305: '=': truncation from 'double' to 'float'
D:/0/Projects/lattice boltzmann/lbm/lbm.cu(864): warning C4305: '=': truncation from 'double' to 'float'
D:/0/Projects/lattice boltzmann/lbm/lbm.cu(865): warning C4305: '=': truncation from 'double' to 'float'
D:/0/Projects/lattice boltzmann/lbm/lbm.cu(866): warning C4305: '=': truncation from 'double' to 'float'
D:/0/Projects/lattice boltzmann/lbm/lbm.cu(867): warning C4305: '=': truncation from 'double' to 'float'
D:/0/Projects/lattice boltzmann/lbm/lbm.cu(868): warning C4305: '=': truncation from 'double' to 'float'
D:/0/Projects/lattice boltzmann/lbm/lbm.cu(869): warning C4305: '=': truncation from 'double' to 'float'
D:/0/Projects/lattice boltzmann/lbm/lbm.cu(870): warning C4305: '=': truncation from 'double' to 'float'
D:/0/Projects/lattice boltzmann/lbm/lbm.cu(871): warning C4305: '=': truncation from 'double' to 'float'
D:/0/Projects/lattice boltzmann/lbm/lbm.cu(918): warning C4018: '>=': signed/unsigned mismatch
D:/0/Projects/lattice boltzmann/lbm/lbm.cu(931): warning C4018: '>=': signed/unsigned mismatch
D:/0/Projects/lattice boltzmann/lbm/lbm.cu(948): warning C4018: '>=': signed/unsigned mismatch
D:/0/Projects/lattice boltzmann/lbm/lbm.cu(962): warning C4018: '>=': signed/unsigned mismatch
D:/0/Projects/lattice boltzmann/lbm/lbm.cu(1045): warning C4018: '<': signed/unsigned mismatch
D:/0/Projects/lattice boltzmann/lbm/lbm.cu(1061): warning C4244: 'argument': conversion from 'unsigned int' to 'GLfloat', possible loss of data
D:/0/Projects/lattice boltzmann/lbm/lbm.cu(1062): warning C4244: 'argument': conversion from 'unsigned int' to 'GLfloat', possible loss of data
D:/0/Projects/lattice boltzmann/lbm/lbm.cu(1063): warning C4244: 'argument': conversion from 'unsigned int' to 'GLfloat', possible loss of data
D:/0/Projects/lattice boltzmann/lbm/lbm.cu(1090): warning C4244: '=': conversion from 'unsigned long' to 'float', possible loss of data
D:/0/Projects/lattice boltzmann/lbm/lbm.cu(1101): warning C4244: '=': conversion from 'double' to 'float', possible loss of data
D:/0/Projects/lattice boltzmann/lbm/lbm.cu(1103): warning C4244: 'argument': conversion from 'float' to 'int', possible loss of data
     Creating library D:\0\Projects\lattice boltzmann\lbm\bin/win64/Debug/lbm.lib and object D:\0\Projects\lattice boltzmann\lbm\bin/win64/Debug/lbm.exp
  lbm-sim.vcxproj -> D:\0\Projects\lattice boltzmann\lbm\bin/win64/Debug/lbm.exe
  lbm-sim.vcxproj -> D:\0\Projects\lattice boltzmann\lbm\bin/win64/Debug/lbm.pdb (Full PDB)
